<?xml version="1.0" encoding="UTF-8"?>
<testng-results skipped="0" failed="0" ignored="0" total="1" passed="1">
  <reporter-output>
  </reporter-output>
  <suite name="Suite" duration-ms="273" started-at="2018-02-25T06:19:58Z" finished-at="2018-02-25T06:19:58Z">
    <groups>
      <group name="cucumber">
        <method signature="AbstractTestNGCucumberTests.feature(cucumber.api.testng.CucumberFeatureWrapper)[pri:0, instance:runnerPackage.TestRunner@1adae5d]" name="feature" class="cucumber.api.testng.AbstractTestNGCucumberTests"/>
      </group> <!-- cucumber -->
    </groups>
    <test name="Test" duration-ms="273" started-at="2018-02-25T06:19:58Z" finished-at="2018-02-25T06:19:58Z">
      <class name="runnerPackage.TestRunner">
        <test-method status="PASS" signature="setUpClass()[pri:0, instance:runnerPackage.TestRunner@1adae5d]" name="setUpClass" is-config="true" duration-ms="149" started-at="2018-02-25T06:19:58Z" finished-at="2018-02-25T06:19:58Z">
          <reporter-output>
          </reporter-output>
        </test-method> <!-- setUpClass -->
        <test-method status="PASS" signature="feature(cucumber.api.testng.CucumberFeatureWrapper)[pri:0, instance:runnerPackage.TestRunner@1adae5d]" name="feature" duration-ms="66" started-at="2018-02-25T06:19:58Z" description="Runs Cucumber Feature" data-provider="features" finished-at="2018-02-25T06:19:58Z">
          <params>
            <param index="0">
              <value>
                <![CDATA[Test Facebook smoke scenario]]>
              </value>
            </param>
          </params>
          <reporter-output>
          </reporter-output>
        </test-method> <!-- feature -->
        <test-method status="PASS" signature="tearDownClass()[pri:0, instance:runnerPackage.TestRunner@1adae5d]" name="tearDownClass" is-config="true" duration-ms="2" started-at="2018-02-25T06:19:58Z" finished-at="2018-02-25T06:19:58Z">
          <reporter-output>
          </reporter-output>
        </test-method> <!-- tearDownClass -->
      </class> <!-- runnerPackage.TestRunner -->
    </test> <!-- Test -->
  </suite> <!-- Suite -->
</testng-results>
